0 info it worked if it ends with ok
1 verbose cli [ '/usr/bin/node', '/usr/bin/npm', 'install', 'lodash' ]
2 info using npm@1.4.28
3 info using node@v0.10.38
4 verbose node symlink /usr/bin/node
5 verbose cache add [ 'lodash', null ]
6 verbose cache add name=undefined spec="lodash" args=["lodash",null]
7 verbose parsed url { protocol: null,
7 verbose parsed url   slashes: null,
7 verbose parsed url   auth: null,
7 verbose parsed url   host: null,
7 verbose parsed url   port: null,
7 verbose parsed url   hostname: null,
7 verbose parsed url   hash: null,
7 verbose parsed url   search: null,
7 verbose parsed url   query: null,
7 verbose parsed url   pathname: 'lodash',
7 verbose parsed url   path: 'lodash',
7 verbose parsed url   href: 'lodash' }
8 silly lockFile 901466a5-lodash lodash
9 verbose lock lodash /home/amoroz-prom/.npm/901466a5-lodash.lock
10 silly lockFile 901466a5-lodash lodash
11 silly lockFile 901466a5-lodash lodash
12 verbose addNamed [ 'lodash', '' ]
13 verbose addNamed [ null, '*' ]
14 silly lockFile f856e425-lodash lodash@
15 verbose lock lodash@ /home/amoroz-prom/.npm/f856e425-lodash.lock
16 silly addNameRange { name: 'lodash', range: '*', hasData: false }
17 verbose request where is /lodash
18 verbose request registry https://registry.npmjs.org/
19 verbose request id 42fbeaace0bed857
20 verbose url raw /lodash
21 verbose url resolving [ 'https://registry.npmjs.org/', './lodash' ]
22 verbose url resolved https://registry.npmjs.org/lodash
23 verbose request where is https://registry.npmjs.org/lodash
24 info trying registry request attempt 1 at 13:17:16
25 verbose etag "8OVQF4MLTWKRTJPTXT8C2ZADK"
26 http GET https://registry.npmjs.org/lodash
27 http 200 https://registry.npmjs.org/lodash
28 silly registry.get cb [ 200,
28 silly registry.get   { server: 'CouchDB/1.5.0 (Erlang OTP/R16B03)',
28 silly registry.get     etag: '"C1KCO6W9UZFQ1D9BX8XB2XX22"',
28 silly registry.get     'content-type': 'application/json',
28 silly registry.get     'cache-control': 'max-age=60',
28 silly registry.get     'content-length': '100821',
28 silly registry.get     'accept-ranges': 'bytes',
28 silly registry.get     date: 'Sat, 23 May 2015 10:17:45 GMT',
28 silly registry.get     via: '1.1 varnish',
28 silly registry.get     age: '8',
28 silly registry.get     connection: 'keep-alive',
28 silly registry.get     'x-served-by': 'cache-fra1246-FRA',
28 silly registry.get     'x-cache': 'HIT',
28 silly registry.get     'x-cache-hits': '1',
28 silly registry.get     'x-timer': 'S1432376265.834313,VS0,VE0',
28 silly registry.get     vary: 'Accept' } ]
29 silly addNameRange number 2 { name: 'lodash', range: '*', hasData: true }
30 silly addNameRange versions [ 'lodash',
30 silly addNameRange   [ '0.1.0',
30 silly addNameRange     '0.2.0',
30 silly addNameRange     '0.2.1',
30 silly addNameRange     '0.2.2',
30 silly addNameRange     '0.3.0',
30 silly addNameRange     '0.3.1',
30 silly addNameRange     '0.3.2',
30 silly addNameRange     '0.4.0',
30 silly addNameRange     '0.4.1',
30 silly addNameRange     '0.4.2',
30 silly addNameRange     '0.5.0-rc.1',
30 silly addNameRange     '0.5.0',
30 silly addNameRange     '0.5.1',
30 silly addNameRange     '0.5.2',
30 silly addNameRange     '0.6.0',
30 silly addNameRange     '0.6.1',
30 silly addNameRange     '0.7.0',
30 silly addNameRange     '0.8.0',
30 silly addNameRange     '0.8.1',
30 silly addNameRange     '0.8.2',
30 silly addNameRange     '0.9.0',
30 silly addNameRange     '0.9.1',
30 silly addNameRange     '0.9.2',
30 silly addNameRange     '0.10.0',
30 silly addNameRange     '1.0.0-rc.1',
30 silly addNameRange     '1.0.0-rc.2',
30 silly addNameRange     '1.0.0-rc.3',
30 silly addNameRange     '1.0.0',
30 silly addNameRange     '1.0.1',
30 silly addNameRange     '1.1.0',
30 silly addNameRange     '1.1.1',
30 silly addNameRange     '1.2.0',
30 silly addNameRange     '1.2.1',
30 silly addNameRange     '1.3.0',
30 silly addNameRange     '1.3.1',
30 silly addNameRange     '2.0.0',
30 silly addNameRange     '2.1.0',
30 silly addNameRange     '2.2.0',
30 silly addNameRange     '2.2.1',
30 silly addNameRange     '2.3.0',
30 silly addNameRange     '2.4.0',
30 silly addNameRange     '2.4.1',
30 silly addNameRange     '3.0.0',
30 silly addNameRange     '3.0.1',
30 silly addNameRange     '3.1.0',
30 silly addNameRange     '3.2.0',
30 silly addNameRange     '3.3.0',
30 silly addNameRange     '3.3.1',
30 silly addNameRange     '3.4.0',
30 silly addNameRange     '3.5.0',
30 silly addNameRange     '3.6.0',
30 silly addNameRange     '1.0.2',
30 silly addNameRange     '3.7.0',
30 silly addNameRange     '2.4.2',
30 silly addNameRange     '3.8.0',
30 silly addNameRange     '3.9.0',
30 silly addNameRange     '3.9.1' ] ]
31 verbose addNamed [ 'lodash', '3.9.1' ]
32 verbose addNamed [ '3.9.1', '3.9.1' ]
33 silly lockFile 47601817-lodash-3-9-1 lodash@3.9.1
34 verbose lock lodash@3.9.1 /home/amoroz-prom/.npm/47601817-lodash-3-9-1.lock
35 silly lockFile 9e32819b-pmjs-org-lodash-lodash-3-9-1-tgz https://registry.npmjs.org/lodash/-/lodash-3.9.1.tgz
36 verbose lock https://registry.npmjs.org/lodash/-/lodash-3.9.1.tgz /home/amoroz-prom/.npm/9e32819b-pmjs-org-lodash-lodash-3-9-1-tgz.lock
37 verbose addRemoteTarball [ 'https://registry.npmjs.org/lodash/-/lodash-3.9.1.tgz',
37 verbose addRemoteTarball   '5102372ecaa2ccf71fec63b55b44642eeb77b59a' ]
38 info retry fetch attempt 1 at 13:17:16
39 verbose fetch to= /tmp/npm-5607-AvvVPhfV/registry.npmjs.org/lodash/-/lodash-3.9.1.tgz
40 http GET https://registry.npmjs.org/lodash/-/lodash-3.9.1.tgz
41 http 200 https://registry.npmjs.org/lodash/-/lodash-3.9.1.tgz
42 silly lockFile 9e32819b-pmjs-org-lodash-lodash-3-9-1-tgz https://registry.npmjs.org/lodash/-/lodash-3.9.1.tgz
43 silly lockFile 9e32819b-pmjs-org-lodash-lodash-3-9-1-tgz https://registry.npmjs.org/lodash/-/lodash-3.9.1.tgz
44 silly lockFile 47601817-lodash-3-9-1 lodash@3.9.1
45 silly lockFile 47601817-lodash-3-9-1 lodash@3.9.1
46 silly lockFile f856e425-lodash lodash@
47 silly lockFile f856e425-lodash lodash@
48 error Error: EACCES, mkdir '/home/amoroz-prom/.npm/lodash/3.9.1'
48 error  { [Error: EACCES, mkdir '/home/amoroz-prom/.npm/lodash/3.9.1']
48 error   errno: 3,
48 error   code: 'EACCES',
48 error   path: '/home/amoroz-prom/.npm/lodash/3.9.1' }
49 error Please try running this command again as root/Administrator.
50 error System Linux 3.13.0-24-generic
51 error command "/usr/bin/node" "/usr/bin/npm" "install" "lodash"
52 error cwd /var/www/Frontend/softengi/lesson5(node js)
53 error node -v v0.10.38
54 error npm -v 1.4.28
55 error path /home/amoroz-prom/.npm/lodash/3.9.1
56 error code EACCES
57 error errno 3
58 error stack Error: EACCES, mkdir '/home/amoroz-prom/.npm/lodash/3.9.1'
59 verbose exit [ 3, true ]
