0 info it worked if it ends with ok
1 verbose cli [ '/usr/bin/node', '/usr/bin/npm', 'install', 'lodash' ]
2 info using npm@1.4.28
3 info using node@v0.10.38
4 verbose node symlink /usr/bin/node
5 warn package.json stcOracles@0.0.0 No description
6 warn package.json stcOracles@0.0.0 No repository field.
7 warn package.json stcOracles@0.0.0 No README data
8 verbose readDependencies using package.json deps
9 verbose cache add [ 'lodash', null ]
10 verbose cache add name=undefined spec="lodash" args=["lodash",null]
11 verbose parsed url { protocol: null,
11 verbose parsed url   slashes: null,
11 verbose parsed url   auth: null,
11 verbose parsed url   host: null,
11 verbose parsed url   port: null,
11 verbose parsed url   hostname: null,
11 verbose parsed url   hash: null,
11 verbose parsed url   search: null,
11 verbose parsed url   query: null,
11 verbose parsed url   pathname: 'lodash',
11 verbose parsed url   path: 'lodash',
11 verbose parsed url   href: 'lodash' }
12 silly lockFile 901466a5-lodash lodash
13 verbose lock lodash /home/amoroz-prom/.npm/901466a5-lodash.lock
14 silly lockFile 901466a5-lodash lodash
15 silly lockFile 901466a5-lodash lodash
16 verbose addNamed [ 'lodash', '' ]
17 verbose addNamed [ null, '*' ]
18 silly lockFile f856e425-lodash lodash@
19 verbose lock lodash@ /home/amoroz-prom/.npm/f856e425-lodash.lock
20 silly addNameRange { name: 'lodash', range: '*', hasData: false }
21 verbose request where is /lodash
22 verbose request registry https://registry.npmjs.org/
23 verbose request id 88feb1f81b7661a6
24 verbose url raw /lodash
25 verbose url resolving [ 'https://registry.npmjs.org/', './lodash' ]
26 verbose url resolved https://registry.npmjs.org/lodash
27 verbose request where is https://registry.npmjs.org/lodash
28 info trying registry request attempt 1 at 15:29:09
29 verbose etag "C1KCO6W9UZFQ1D9BX8XB2XX22"
30 http GET https://registry.npmjs.org/lodash
31 http 200 https://registry.npmjs.org/lodash
32 silly registry.get cb [ 200,
32 silly registry.get   { server: 'CouchDB/1.5.0 (Erlang OTP/R16B03)',
32 silly registry.get     etag: '"3NOLL464BSY2TVALYOW2G6169"',
32 silly registry.get     'content-type': 'application/json',
32 silly registry.get     'cache-control': 'max-age=60',
32 silly registry.get     'content-length': '104271',
32 silly registry.get     'accept-ranges': 'bytes',
32 silly registry.get     date: 'Sat, 30 May 2015 12:29:39 GMT',
32 silly registry.get     via: '1.1 varnish',
32 silly registry.get     age: '30',
32 silly registry.get     connection: 'keep-alive',
32 silly registry.get     'x-served-by': 'cache-fra1247-FRA',
32 silly registry.get     'x-cache': 'HIT',
32 silly registry.get     'x-cache-hits': '1',
32 silly registry.get     'x-timer': 'S1432988979.405732,VS0,VE0',
32 silly registry.get     vary: 'Accept' } ]
33 silly addNameRange number 2 { name: 'lodash', range: '*', hasData: true }
34 silly addNameRange versions [ 'lodash',
34 silly addNameRange   [ '0.1.0',
34 silly addNameRange     '0.2.0',
34 silly addNameRange     '0.2.1',
34 silly addNameRange     '0.2.2',
34 silly addNameRange     '0.3.0',
34 silly addNameRange     '0.3.1',
34 silly addNameRange     '0.3.2',
34 silly addNameRange     '0.4.0',
34 silly addNameRange     '0.4.1',
34 silly addNameRange     '0.4.2',
34 silly addNameRange     '0.5.0-rc.1',
34 silly addNameRange     '0.5.0',
34 silly addNameRange     '0.5.1',
34 silly addNameRange     '0.5.2',
34 silly addNameRange     '0.6.0',
34 silly addNameRange     '0.6.1',
34 silly addNameRange     '0.7.0',
34 silly addNameRange     '0.8.0',
34 silly addNameRange     '0.8.1',
34 silly addNameRange     '0.8.2',
34 silly addNameRange     '0.9.0',
34 silly addNameRange     '0.9.1',
34 silly addNameRange     '0.9.2',
34 silly addNameRange     '0.10.0',
34 silly addNameRange     '1.0.0-rc.1',
34 silly addNameRange     '1.0.0-rc.2',
34 silly addNameRange     '1.0.0-rc.3',
34 silly addNameRange     '1.0.0',
34 silly addNameRange     '1.0.1',
34 silly addNameRange     '1.1.0',
34 silly addNameRange     '1.1.1',
34 silly addNameRange     '1.2.0',
34 silly addNameRange     '1.2.1',
34 silly addNameRange     '1.3.0',
34 silly addNameRange     '1.3.1',
34 silly addNameRange     '2.0.0',
34 silly addNameRange     '2.1.0',
34 silly addNameRange     '2.2.0',
34 silly addNameRange     '2.2.1',
34 silly addNameRange     '2.3.0',
34 silly addNameRange     '2.4.0',
34 silly addNameRange     '2.4.1',
34 silly addNameRange     '3.0.0',
34 silly addNameRange     '3.0.1',
34 silly addNameRange     '3.1.0',
34 silly addNameRange     '3.2.0',
34 silly addNameRange     '3.3.0',
34 silly addNameRange     '3.3.1',
34 silly addNameRange     '3.4.0',
34 silly addNameRange     '3.5.0',
34 silly addNameRange     '3.6.0',
34 silly addNameRange     '1.0.2',
34 silly addNameRange     '3.7.0',
34 silly addNameRange     '2.4.2',
34 silly addNameRange     '3.8.0',
34 silly addNameRange     '3.9.0',
34 silly addNameRange     '3.9.1',
34 silly addNameRange     '3.9.2',
34 silly addNameRange     '3.9.3' ] ]
35 verbose addNamed [ 'lodash', '3.9.3' ]
36 verbose addNamed [ '3.9.3', '3.9.3' ]
37 silly lockFile 7317860f-lodash-3-9-3 lodash@3.9.3
38 verbose lock lodash@3.9.3 /home/amoroz-prom/.npm/7317860f-lodash-3-9-3.lock
39 silly lockFile 51253a92-pmjs-org-lodash-lodash-3-9-3-tgz https://registry.npmjs.org/lodash/-/lodash-3.9.3.tgz
40 verbose lock https://registry.npmjs.org/lodash/-/lodash-3.9.3.tgz /home/amoroz-prom/.npm/51253a92-pmjs-org-lodash-lodash-3-9-3-tgz.lock
41 verbose addRemoteTarball [ 'https://registry.npmjs.org/lodash/-/lodash-3.9.3.tgz',
41 verbose addRemoteTarball   '0159e86832feffc6d61d852b12a953b99496bd32' ]
42 info retry fetch attempt 1 at 15:29:10
43 verbose fetch to= /tmp/npm-9815-7qmhPCCJ/registry.npmjs.org/lodash/-/lodash-3.9.3.tgz
44 http GET https://registry.npmjs.org/lodash/-/lodash-3.9.3.tgz
45 http 200 https://registry.npmjs.org/lodash/-/lodash-3.9.3.tgz
46 silly lockFile 51253a92-pmjs-org-lodash-lodash-3-9-3-tgz https://registry.npmjs.org/lodash/-/lodash-3.9.3.tgz
47 silly lockFile 51253a92-pmjs-org-lodash-lodash-3-9-3-tgz https://registry.npmjs.org/lodash/-/lodash-3.9.3.tgz
48 silly lockFile 7317860f-lodash-3-9-3 lodash@3.9.3
49 silly lockFile 7317860f-lodash-3-9-3 lodash@3.9.3
50 silly lockFile f856e425-lodash lodash@
51 silly lockFile f856e425-lodash lodash@
52 error Error: EACCES, mkdir '/home/amoroz-prom/.npm/lodash/3.9.3'
52 error  { [Error: EACCES, mkdir '/home/amoroz-prom/.npm/lodash/3.9.3']
52 error   errno: 3,
52 error   code: 'EACCES',
52 error   path: '/home/amoroz-prom/.npm/lodash/3.9.3',
52 error   parent: 'stcOracles' }
53 error Please try running this command again as root/Administrator.
54 error System Linux 3.13.0-24-generic
55 error command "/usr/bin/node" "/usr/bin/npm" "install" "lodash"
56 error cwd /var/www/Frontend/softengi/Softengi/lesson6(mercurial)/STC.Oracles
57 error node -v v0.10.38
58 error npm -v 1.4.28
59 error path /home/amoroz-prom/.npm/lodash/3.9.3
60 error code EACCES
61 error errno 3
62 error stack Error: EACCES, mkdir '/home/amoroz-prom/.npm/lodash/3.9.3'
63 verbose exit [ 3, true ]
