0 info it worked if it ends with ok
1 verbose cli [ '/usr/bin/node', '/usr/bin/npm', 'install', 'body-parser' ]
2 info using npm@1.4.28
3 info using node@v0.10.38
4 verbose node symlink /usr/bin/node
5 verbose cache add [ 'body-parser', null ]
6 verbose cache add name=undefined spec="body-parser" args=["body-parser",null]
7 verbose parsed url { protocol: null,
7 verbose parsed url   slashes: null,
7 verbose parsed url   auth: null,
7 verbose parsed url   host: null,
7 verbose parsed url   port: null,
7 verbose parsed url   hostname: null,
7 verbose parsed url   hash: null,
7 verbose parsed url   search: null,
7 verbose parsed url   query: null,
7 verbose parsed url   pathname: 'body-parser',
7 verbose parsed url   path: 'body-parser',
7 verbose parsed url   href: 'body-parser' }
8 silly lockFile 14cf125c-body-parser body-parser
9 verbose lock body-parser /home/amoroz-prom/.npm/14cf125c-body-parser.lock
10 silly lockFile 14cf125c-body-parser body-parser
11 silly lockFile 14cf125c-body-parser body-parser
12 verbose addNamed [ 'body-parser', '' ]
13 verbose addNamed [ null, '*' ]
14 silly lockFile 9f665704-body-parser body-parser@
15 verbose lock body-parser@ /home/amoroz-prom/.npm/9f665704-body-parser.lock
16 silly addNameRange { name: 'body-parser', range: '*', hasData: false }
17 verbose request where is /body-parser
18 verbose request registry https://registry.npmjs.org/
19 verbose request id bc9ccd7dfd3b4d2b
20 verbose url raw /body-parser
21 verbose url resolving [ 'https://registry.npmjs.org/', './body-parser' ]
22 verbose url resolved https://registry.npmjs.org/body-parser
23 verbose request where is https://registry.npmjs.org/body-parser
24 info trying registry request attempt 1 at 11:41:48
25 verbose etag "BASHGSRN6U9AB5HODHFLJEHZ5"
26 http GET https://registry.npmjs.org/body-parser
27 http 200 https://registry.npmjs.org/body-parser
28 silly registry.get cb [ 200,
28 silly registry.get   { server: 'CouchDB/1.5.0 (Erlang OTP/R16B03)',
28 silly registry.get     etag: '"259CW95VUCNW4JTI90ETN04C4"',
28 silly registry.get     'content-type': 'application/json',
28 silly registry.get     'cache-control': 'max-age=60',
28 silly registry.get     'content-length': '97538',
28 silly registry.get     'accept-ranges': 'bytes',
28 silly registry.get     date: 'Sun, 24 May 2015 08:42:18 GMT',
28 silly registry.get     via: '1.1 varnish',
28 silly registry.get     age: '44',
28 silly registry.get     connection: 'keep-alive',
28 silly registry.get     'x-served-by': 'cache-fra1222-FRA',
28 silly registry.get     'x-cache': 'HIT',
28 silly registry.get     'x-cache-hits': '1',
28 silly registry.get     'x-timer': 'S1432456938.632271,VS0,VE1',
28 silly registry.get     vary: 'Accept' } ]
29 silly addNameRange number 2 { name: 'body-parser', range: '*', hasData: true }
30 silly addNameRange versions [ 'body-parser',
30 silly addNameRange   [ '1.0.0',
30 silly addNameRange     '1.0.1',
30 silly addNameRange     '1.0.2',
30 silly addNameRange     '1.1.0',
30 silly addNameRange     '1.1.1',
30 silly addNameRange     '1.1.2',
30 silly addNameRange     '1.2.0',
30 silly addNameRange     '1.2.1',
30 silly addNameRange     '1.2.2',
30 silly addNameRange     '1.3.0',
30 silly addNameRange     '1.3.1',
30 silly addNameRange     '1.4.0',
30 silly addNameRange     '1.4.1',
30 silly addNameRange     '1.4.2',
30 silly addNameRange     '1.4.3',
30 silly addNameRange     '1.5.0',
30 silly addNameRange     '1.5.1',
30 silly addNameRange     '1.5.2',
30 silly addNameRange     '1.6.0',
30 silly addNameRange     '1.6.1',
30 silly addNameRange     '1.6.2',
30 silly addNameRange     '1.6.3',
30 silly addNameRange     '1.6.4',
30 silly addNameRange     '1.6.5',
30 silly addNameRange     '1.6.6',
30 silly addNameRange     '1.6.7',
30 silly addNameRange     '1.7.0',
30 silly addNameRange     '1.8.0',
30 silly addNameRange     '1.8.1',
30 silly addNameRange     '1.8.2',
30 silly addNameRange     '1.8.3',
30 silly addNameRange     '1.8.4',
30 silly addNameRange     '1.9.0',
30 silly addNameRange     '1.9.1',
30 silly addNameRange     '1.9.2',
30 silly addNameRange     '1.9.3',
30 silly addNameRange     '1.10.0',
30 silly addNameRange     '1.10.1',
30 silly addNameRange     '1.10.2',
30 silly addNameRange     '1.11.0',
30 silly addNameRange     '1.12.0',
30 silly addNameRange     '1.12.1',
30 silly addNameRange     '1.12.2',
30 silly addNameRange     '1.12.3',
30 silly addNameRange     '1.12.4' ] ]
31 verbose addNamed [ 'body-parser', '1.12.4' ]
32 verbose addNamed [ '1.12.4', '1.12.4' ]
33 silly lockFile b06c8939-body-parser-1-12-4 body-parser@1.12.4
34 verbose lock body-parser@1.12.4 /home/amoroz-prom/.npm/b06c8939-body-parser-1-12-4.lock
35 silly lockFile 36923138-dy-parser-body-parser-1-12-4-tgz https://registry.npmjs.org/body-parser/-/body-parser-1.12.4.tgz
36 verbose lock https://registry.npmjs.org/body-parser/-/body-parser-1.12.4.tgz /home/amoroz-prom/.npm/36923138-dy-parser-body-parser-1-12-4-tgz.lock
37 verbose addRemoteTarball [ 'https://registry.npmjs.org/body-parser/-/body-parser-1.12.4.tgz',
37 verbose addRemoteTarball   '090700c4ba28862a8520ef378395fdee5f61c229' ]
38 info retry fetch attempt 1 at 11:41:49
39 verbose fetch to= /tmp/npm-5899-ms1uAvxx/registry.npmjs.org/body-parser/-/body-parser-1.12.4.tgz
40 http GET https://registry.npmjs.org/body-parser/-/body-parser-1.12.4.tgz
41 http 200 https://registry.npmjs.org/body-parser/-/body-parser-1.12.4.tgz
42 silly lockFile 36923138-dy-parser-body-parser-1-12-4-tgz https://registry.npmjs.org/body-parser/-/body-parser-1.12.4.tgz
43 silly lockFile 36923138-dy-parser-body-parser-1-12-4-tgz https://registry.npmjs.org/body-parser/-/body-parser-1.12.4.tgz
44 silly lockFile b06c8939-body-parser-1-12-4 body-parser@1.12.4
45 silly lockFile b06c8939-body-parser-1-12-4 body-parser@1.12.4
46 silly lockFile 9f665704-body-parser body-parser@
47 silly lockFile 9f665704-body-parser body-parser@
48 error Error: EACCES, mkdir '/home/amoroz-prom/.npm/body-parser/1.12.4'
48 error  { [Error: EACCES, mkdir '/home/amoroz-prom/.npm/body-parser/1.12.4']
48 error   errno: 3,
48 error   code: 'EACCES',
48 error   path: '/home/amoroz-prom/.npm/body-parser/1.12.4' }
49 error Please try running this command again as root/Administrator.
50 error System Linux 3.13.0-24-generic
51 error command "/usr/bin/node" "/usr/bin/npm" "install" "body-parser"
52 error cwd /var/www/Frontend/softengi/homework4(http)Moroz
53 error node -v v0.10.38
54 error npm -v 1.4.28
55 error path /home/amoroz-prom/.npm/body-parser/1.12.4
56 error code EACCES
57 error errno 3
58 error stack Error: EACCES, mkdir '/home/amoroz-prom/.npm/body-parser/1.12.4'
59 verbose exit [ 3, true ]
